2024-09-03 10:46:24 [[32minfo[39m] Server started on port 9000 
2024-09-03 10:46:25 [[32minfo[39m] Database connection successful! 
2024-09-03 10:46:51 [[32minfo[39m] Server started on port 9000 
2024-09-03 10:46:53 [[32minfo[39m] Database connection successful! 
2024-09-03 10:47:09 [[32minfo[39m] Server started on port 9000 
2024-09-03 10:47:10 [[33mwarn[39m] Database connection failed:', password authentication failed for user "postgres" 
2024-09-03 10:47:42 [[32minfo[39m] Server started on port 9000 
2024-09-03 10:47:44 [[32minfo[39m] Database connection successful! 
2024-09-03 10:48:11 [[32minfo[39m] Method: GET URL: /api/login Status: 200 
2024-09-03 10:48:11 [[32minfo[39m] Method: GET URL: /favicon.ico Status: 200 
2024-09-03 10:50:25 [[32minfo[39m] Server started on port 9000 }
2024-09-03 10:50:27 [[32minfo[39m] Database connection successful! }
2024-09-03 11:11:13 [[32minfo[39m] Server started on port 9000}
2024-09-03 11:11:15 [[32minfo[39m] Database connection successful!}
2024-09-03 11:11:29 [[32minfo[39m] Method: GET URL: /api/login Status: 200}
2024-09-03 11:12:00 [[32minfo[39m] Server started on port 9000}
2024-09-03 11:12:02 [[32minfo[39m] Database connection successful!}
2024-09-03 11:12:10 [[32minfo[39m] Method: GET URL: /api/login Status: 200}
2024-09-03 11:12:33 [[32minfo[39m] Server started on port 9000}
2024-09-03 11:12:35 [[32minfo[39m] Database connection successful!}
2024-09-03 11:12:58 [[32minfo[39m] Server started on port 9000}
2024-09-03 11:13:01 [[32minfo[39m] Database connection successful!}
2024-09-03 11:13:04 [[32minfo[39m] Method: GET URL: /api/login Status: 200}
2024-09-03 11:14:04 [[32minfo[39m] Server started on port 9000}
2024-09-03 11:14:06 [[32minfo[39m] Database connection successful!}
2024-09-03 11:14:20 [[32minfo[39m] Server started on port 9000}
2024-09-03 11:14:22 [[32minfo[39m] Database connection successful!}
2024-09-03 11:14:30 [[32minfo[39m] Method: GET URL: /api/login Status: 200}
2024-09-03 11:14:38 [[32minfo[39m] Method: GET URL: /api/login Status: 200}
2024-09-03 11:14:40 [[32minfo[39m] Method: GET URL: /api/login Status: 200}
2024-09-03 11:14:44 [[32minfo[39m] Method: GET URL: /api/logout Status: 200}
2024-09-03 11:14:44 [[32minfo[39m] Method: GET URL: /api/logout Status: 200}
2024-09-03 11:14:56 [[32minfo[39m] Method: GET URL: /api/login Status: 200}
2024-09-03 11:14:57 [[32minfo[39m] Method: GET URL: /api/login Status: 200}
2024-09-03 11:15:16 [[32minfo[39m] Server started on port 9000}
2024-09-03 11:15:18 [[32minfo[39m] Database connection successful!}
2024-09-03 11:15:20 [[32minfo[39m] Method: GET URL: /api/login Status: 200}
2024-09-03 11:15:31 [[32minfo[39m] Server started on port 9000}
2024-09-03 11:15:33 [[32minfo[39m] Database connection successful!}
2024-09-03 11:15:35 [[32minfo[39m] Server started on port 9000}
2024-09-03 11:15:37 [[32minfo[39m] Server started on port 9000}
2024-09-03 11:15:38 [[32minfo[39m] Database connection successful!}
2024-09-03 11:15:42 [[32minfo[39m] Server started on port 9000}
2024-09-03 11:15:44 [[32minfo[39m] Server started on port 9000}
2024-09-03 11:15:46 [[32minfo[39m] Database connection successful!}
2024-09-03 11:16:13 [[32minfo[39m] Server started on port 9000}
2024-09-03 11:16:15 [[32minfo[39m] Database connection successful!}
2024-09-03 11:16:16 [[32minfo[39m] Server started on port 9000}
2024-09-03 11:16:18 [[32minfo[39m] Server started on port 9000}
2024-09-03 11:16:19 [[32minfo[39m] Database connection successful!}
2024-09-03 11:16:22 [[32minfo[39m] Server started on port 9000}
2024-09-03 11:16:23 [[32minfo[39m] Server started on port 9000}
2024-09-03 11:16:25 [[32minfo[39m] Database connection successful!}
2024-09-03 11:17:50 [[32minfo[39m] Server started on port 9000}
2024-09-03 11:17:52 [[32minfo[39m] Database connection successful!}
2024-09-03 11:18:31 [[32minfo[39m] Server started on port 9000}
2024-09-03 11:18:33 [[32minfo[39m] Database connection successful!}
2024-09-03 11:18:59 [[32minfo[39m] Server started on port 9000}
2024-09-03 11:19:01 [[32minfo[39m] Database connection successful!}
2024-09-03 11:19:27 [[32minfo[39m] Server started on port 9000}
2024-09-03 11:19:29 [[32minfo[39m] Server started on port 9000}
2024-09-03 11:19:30 [[32minfo[39m] Database connection successful!}
2024-09-03 11:42:54 [[32minfo[39m] Server started on port 9000}
2024-09-03 11:42:56 [[32minfo[39m] Database connection successful!}
2024-09-03 11:43:01 [[32minfo[39m] Server started on port 9000}
2024-09-03 11:43:02 [[32minfo[39m] Database connection successful!}
2024-09-03 11:43:14 [[32minfo[39m] Method: GET URL: /api/login Status: 200}
2024-09-03 11:43:31 [[32minfo[39m] Method: POST URL: /api/login Status: 200}
2024-09-03 11:43:40 [[32minfo[39m] Method: POST URL: /api/login Status: 200}
2024-09-03 11:44:43 [[32minfo[39m] Server started on port 9000}
2024-09-03 11:44:44 [[32minfo[39m] Database connection successful!}
2024-09-03 11:44:45 [[32minfo[39m] Server started on port 9000}
2024-09-03 11:44:47 [[32minfo[39m] Database connection successful!}
2024-09-03 11:44:50 [[32minfo[39m] Server started on port 9000}
2024-09-03 11:44:51 [[32minfo[39m] Database connection successful!}
2024-09-03 11:44:52 [[32minfo[39m] Server started on port 9000}
2024-09-03 11:44:53 [[32minfo[39m] Database connection successful!}
2024-09-03 11:44:55 [[32minfo[39m] Server started on port 9000}
2024-09-03 11:44:56 [[32minfo[39m] Database connection successful!}
2024-09-03 11:45:12 [[32minfo[39m] Server started on port 9000}
2024-09-03 11:45:13 [[32minfo[39m] Database connection successful!}
2024-09-03 15:07:49 [[32minfo[39m] Server started on port 9000}
2024-09-03 15:07:50 [[32minfo[39m] Database connection successful!}
2024-09-03 15:08:07 [[32minfo[39m] Method: GET URL: /api/login Status: 200}
2024-09-03 15:08:30 [[32minfo[39m] Method: POST URL: /api/login Status: 200}
2024-09-03 15:08:41 [[32minfo[39m] Method: POST URL: /api/login Status: 200}
2024-09-03 15:09:06 [[32minfo[39m] Method: POST URL: /api/login Status: 200}
2024-09-03 15:09:43 [[32minfo[39m] Method: GET URL: /api/checkLogin Status: 200}
2024-09-03 15:09:47 [[32minfo[39m] Method: GET URL: /api/logout Status: 200}
2024-09-03 15:09:57 [[32minfo[39m] Method: GET URL: /api/checkLogin Status: 200}
2024-09-03 15:10:02 [[32minfo[39m] Method: GET URL: /api/login Status: 200}
2024-09-03 15:10:14 [[32minfo[39m] Method: POST URL: /api/login Status: 200}
2024-09-03 15:10:31 [[32minfo[39m] Method: GET URL: /api/checkLogin Status: 200}
2024-09-03 15:10:36 [[32minfo[39m] Method: GET URL: /api/logout Status: 200}
2024-09-03 15:10:49 [[32minfo[39m] Method: GET URL: /api/checkLogin Status: 200}
2024-09-03 15:11:35 [[32minfo[39m] Method: GET URL: /api/logout Status: 200}
2024-09-03 15:11:38 [[32minfo[39m] Method: GET URL: /api/login Status: 200}
2024-09-03 15:14:49 [[32minfo[39m] Method: POST URL: /api/login Status: 200}
2024-09-03 15:17:46 [[32minfo[39m] Server started on port 9000}
2024-09-03 15:17:48 [[32minfo[39m] Database connection successful!}
2024-09-03 15:17:51 [[32minfo[39m] Server started on port 9000}
2024-09-03 15:17:53 [[32minfo[39m] Database connection successful!}
2024-09-03 15:18:34 [[32minfo[39m] Method: POST URL: /api/login Status: 200}
2024-09-03 15:25:09 [[32minfo[39m] Server started on port 9000}
2024-09-03 15:25:10 [[32minfo[39m] Database connection successful!}
2024-09-03 15:25:17 [[32minfo[39m] Method: POST URL: /api/login Status: 200}
2024-09-03 15:26:17 [[32minfo[39m] Method: GET URL: /api/checkLogin Status: 200}
2024-09-03 15:26:25 [[32minfo[39m] Method: GET URL: /api/checkLogin Status: 200}
2024-09-03 15:26:35 [[32minfo[39m] Method: GET URL: /api/checkLogin Status: 200}
2024-09-03 15:27:37 [[32minfo[39m] Method: POST URL: /api/login Status: 200}
2024-09-03 15:28:42 [[32minfo[39m] Method: POST URL: /api/login Status: 200}
2024-09-03 15:29:16 [[32minfo[39m] Method: GET URL: /api/checkLogin Status: 200}
2024-09-03 15:29:21 [[32minfo[39m] Method: GET URL: /api/checkLogin Status: 200}
2024-09-03 15:30:18 [[32minfo[39m] Server started on port 9000}
2024-09-03 15:30:20 [[32minfo[39m] Database connection successful!}
2024-09-03 15:30:21 [[32minfo[39m] Server started on port 9000}
2024-09-03 15:30:22 [[32minfo[39m] Server started on port 9000}
2024-09-03 15:30:24 [[32minfo[39m] Database connection successful!}
2024-09-03 15:30:27 [[32minfo[39m] Server started on port 9000}
2024-09-03 15:30:32 [[32minfo[39m] Database connection successful!}
2024-09-03 15:30:42 [[32minfo[39m] Method: GET URL: /api/checkLogin Status: 200}
2024-09-03 15:31:11 [[32minfo[39m] Method: GET URL: /api/checkLogin Status: 200}
2024-09-03 15:32:18 [[32minfo[39m] Method: GET URL: /api/checkLogin Status: 200}
2024-09-03 15:33:00 [[32minfo[39m] Method: GET URL: /api/checkLogin Status: 200}
2024-09-03 15:33:17 [[32minfo[39m] Server started on port 9000}
2024-09-03 15:33:19 [[32minfo[39m] Database connection successful!}
2024-09-03 15:33:20 [[32minfo[39m] Method: GET URL: /api/checkLogin Status: 200}
2024-09-03 15:34:25 [[32minfo[39m] Server started on port 9000}
2024-09-03 15:34:27 [[32minfo[39m] Database connection successful!}
2024-09-03 15:34:31 [[32minfo[39m] Method: GET URL: /api/checkLogin Status: 200}
2024-09-03 15:34:38 [[32minfo[39m] Method: POST URL: /api/login Status: 200}
2024-09-03 15:34:53 [[32minfo[39m] Method: GET URL: /api/checkLogin Status: 200}
2024-09-03 15:35:41 [[32minfo[39m] Server started on port 9000}
2024-09-03 15:35:42 [[32minfo[39m] Database connection successful!}
2024-09-03 15:36:06 [[32minfo[39m] Method: GET URL: /api/checkLogin Status: 200}
2024-09-03 15:38:43 [[32minfo[39m] Method: GET URL: /api/checkLogin Status: 200}
2024-09-03 15:39:06 [[32minfo[39m] Method: GET URL: /api/checkLogin Status: 200}
2024-09-03 15:39:32 [[32minfo[39m] Method: GET URL: /api/checkLogin Status: 200}
2024-09-03 15:40:19 [[32minfo[39m] Method: GET URL: /api/checkLogin Status: 200}
2024-09-03 15:40:29 [[32minfo[39m] Method: GET URL: /api/checkLogin Status: 200}
2024-09-03 15:40:49 [[32minfo[39m] Server started on port 9000}
2024-09-03 15:40:51 [[32minfo[39m] Database connection successful!}
2024-09-03 15:40:56 [[32minfo[39m] Server started on port 9000}
2024-09-03 15:40:58 [[32minfo[39m] Database connection successful!}
2024-09-03 15:41:07 [[32minfo[39m] Method: POST URL: /api/login Status: 200}
2024-09-03 15:41:25 [[32minfo[39m] Method: GET URL: /api/checkLogin Status: 200}
2024-09-03 15:41:49 [[32minfo[39m] Method: GET URL: /api/checkLogin Status: 200}
2024-09-03 15:43:53 [[32minfo[39m] Server started on port 9000}
2024-09-03 15:43:55 [[32minfo[39m] Database connection successful!}
2024-09-03 15:44:06 [[32minfo[39m] Method: POST URL: /api/login Status: 200}
2024-09-03 15:44:24 [[32minfo[39m] Method: GET URL: /api/checkLogin Status: 200}
2024-09-03 15:44:29 [[32minfo[39m] Method: GET URL: /api/checkLogin Status: 200}
2024-09-03 15:44:36 [[32minfo[39m] Method: GET URL: /api/logout Status: 200}
2024-09-03 15:44:44 [[32minfo[39m] Method: GET URL: /api/checkLogin Status: 200}
2024-09-03 15:56:59 [[32minfo[39m] Method: POST URL: /api/login Status: 200}
2024-09-03 15:57:13 [[32minfo[39m] Method: GET URL: /api/checkLogin Status: 200}
2024-09-03 15:57:18 [[32minfo[39m] Method: GET URL: /api/checkLogin Status: 200}
2024-09-03 15:57:31 [[32minfo[39m] Method: GET URL: /api/logout Status: 200}
2024-09-03 15:57:40 [[32minfo[39m] Method: GET URL: /api/checkLogin Status: 200}
2024-09-03 16:10:04 [[32minfo[39m] Method: POST URL: /api/login Status: 200}
2024-09-03 16:11:00 [[32minfo[39m] Method: GET URL: /api/checkLogin Status: 200}
2024-09-03 16:38:04 [[32minfo[39m] Method: POST URL: /api/login Status: 200}
2024-09-03 16:39:41 [[32minfo[39m] Method: GET URL: /api/checkLogin Status: 200}
2024-09-03 16:39:47 [[32minfo[39m] Method: GET URL: /api/checkLogin Status: 200}
2024-09-03 16:40:00 [[32minfo[39m] Method: GET URL: /api/logout Status: 200}
2024-09-03 16:40:21 [[32minfo[39m] Method: GET URL: /api/checkLogin Status: 200}
2024-09-03 17:41:06 [[32minfo[39m] Server started on port 9000}
2024-09-03 17:41:08 [[32minfo[39m] Database connection successful!}
2024-09-03 17:41:21 [[32minfo[39m] Method: POST URL: /api/login Status: 200}
2024-09-03 17:41:47 [[32minfo[39m] Method: GET URL: /api/checkLogin Status: 200}
2024-09-03 17:41:53 [[32minfo[39m] Method: GET URL: /api/checkLogin Status: 200}
2024-09-03 17:42:00 [[32minfo[39m] Method: GET URL: /api/checkLogin Status: 200}
2024-09-03 17:49:13 [[32minfo[39m] Method: GET URL: /api/login Status: 200}
2024-09-03 17:49:24 [[32minfo[39m] Method: POST URL: /api/login Status: 200}
2024-09-03 17:49:54 [[32minfo[39m] Method: GET URL: /api/logout Status: 200}
2024-09-03 17:49:58 [[32minfo[39m] Method: GET URL: /api/logout Status: 200}
2024-09-03 18:06:38 [[32minfo[39m] Method: GET URL: /api/login Status: 200}
2024-09-03 18:06:48 [[32minfo[39m] Method: POST URL: /api/login Status: 200}
2024-09-03 18:06:54 [[32minfo[39m] Method: GET URL: /api/login Status: 200}
