2024-09-04 14:21:10 [[32minfo[39m] Server started on port 9000}
2024-09-04 14:21:12 [[32minfo[39m] Database connection successful!}
2024-09-04 16:29:42 [[32minfo[39m] Server started on port 9000}
2024-09-04 16:29:43 [[32minfo[39m] Database connection successful!}
2024-09-04 16:29:51 [[32minfo[39m] Server started on port 9000}
2024-09-04 16:29:52 [[32minfo[39m] Database connection successful!}
2024-09-04 16:31:26 [[32minfo[39m] Server started on port 9000}
2024-09-04 16:31:28 [[32minfo[39m] Database connection successful!}
2024-09-04 16:34:00 [[32minfo[39m] Server started on port 9000}
2024-09-04 16:34:02 [[32minfo[39m] Database connection successful!}
2024-09-04 16:34:04 [[32minfo[39m] Server started on port 9000}
2024-09-04 16:34:06 [[32minfo[39m] Database connection successful!}
2024-09-04 16:34:09 [[32minfo[39m] Server started on port 9000}
2024-09-04 16:34:10 [[32minfo[39m] Server started on port 9000}
2024-09-04 16:34:12 [[32minfo[39m] Server started on port 9000}
2024-09-04 16:34:13 [[32minfo[39m] Server started on port 9000}
2024-09-04 16:34:15 [[32minfo[39m] Database connection successful!}
2024-09-04 16:34:31 [[32minfo[39m] Server started on port 9000}
2024-09-04 16:34:32 [[32minfo[39m] Database connection successful!}
2024-09-04 16:34:35 [[32minfo[39m] Server started on port 9000}
2024-09-04 16:34:37 [[32minfo[39m] Database connection successful!}
2024-09-04 16:34:42 [[32minfo[39m] Server started on port 9000}
2024-09-04 16:34:44 [[32minfo[39m] Database connection successful!}
2024-09-04 16:34:45 [[32minfo[39m] Server started on port 9000}
2024-09-04 16:34:46 [[32minfo[39m] Database connection successful!}
2024-09-04 16:35:38 [[32minfo[39m] Method: POST URL: /api/register Status: 200}
2024-09-04 16:35:38 [[31merror[39m] Error creating user fullName is not defined}
2024-09-04 16:36:03 [[32minfo[39m] Server started on port 9000}
2024-09-04 16:36:04 [[32minfo[39m] Database connection successful!}
2024-09-04 16:36:59 [[32minfo[39m] Server started on port 9000}
2024-09-04 16:37:01 [[32minfo[39m] Database connection successful!}
2024-09-04 16:37:03 [[32minfo[39m] Server started on port 9000}
2024-09-04 16:37:04 [[32minfo[39m] Database connection successful!}
2024-09-04 16:37:31 [[32minfo[39m] Server started on port 9000}
2024-09-04 16:37:33 [[32minfo[39m] Database connection successful!}
2024-09-04 16:37:57 [[32minfo[39m] Method: POST URL: /api/register Status: 200}
2024-09-04 16:37:57 [[31merror[39m] Error creating user fullName is not defined}
2024-09-04 16:38:33 [[32minfo[39m] Server started on port 9000}
2024-09-04 16:38:35 [[32minfo[39m] Database connection successful!}
2024-09-04 16:38:46 [[32minfo[39m] Method: POST URL: /api/register Status: 200}
2024-09-04 16:38:48 [[31merror[39m] Error creating user column "username" of relation "prwebuser" does not exist}
2024-09-04 16:39:46 [[32minfo[39m] Server started on port 9000}
2024-09-04 16:39:48 [[32minfo[39m] Database connection successful!}
2024-09-04 16:40:02 [[32minfo[39m] Method: POST URL: /api/register Status: 200}
2024-09-04 16:40:04 [[31merror[39m] Error creating user column "username" of relation "prwebuser" does not exist}
2024-09-04 16:40:47 [[32minfo[39m] Server started on port 9000}
2024-09-04 16:40:48 [[32minfo[39m] Database connection successful!}
2024-09-04 16:40:55 [[32minfo[39m] Method: POST URL: /api/register Status: 200}
2024-09-04 16:40:56 [[31merror[39m] Error creating user column "username" of relation "prwebuser" does not exist}
2024-09-04 16:41:37 [[32minfo[39m] Server started on port 9000}
2024-09-04 16:41:39 [[32minfo[39m] Database connection successful!}
2024-09-04 16:41:54 [[32minfo[39m] Method: POST URL: /api/register Status: 200}
2024-09-04 16:41:57 [[31merror[39m] Error creating user column "username" of relation "prwebuser" does not exist}
2024-09-04 16:42:11 [[32minfo[39m] Server started on port 9000}
2024-09-04 16:42:12 [[32minfo[39m] Database connection successful!}
2024-09-04 16:42:29 [[32minfo[39m] Method: POST URL: /api/register Status: 200}
2024-09-04 16:42:31 [[31merror[39m] Error creating user value too long for type character varying(40)}
2024-09-04 17:06:11 [[32minfo[39m] Server started on port 9000}
2024-09-04 17:06:12 [[32minfo[39m] Server started on port 9000}
2024-09-04 17:06:14 [[32minfo[39m] Database connection successful!}
2024-09-04 17:06:18 [[32minfo[39m] Server started on port 9000}
2024-09-04 17:06:19 [[32minfo[39m] Database connection successful!}
2024-09-04 17:06:22 [[32minfo[39m] Server started on port 9000}
2024-09-04 17:06:23 [[32minfo[39m] Database connection successful!}
2024-09-04 17:06:26 [[32minfo[39m] Method: POST URL: /api/register Status: 200}
2024-09-04 17:06:27 [[31merror[39m] Error creating user value too long for type character varying(40)}
2024-09-04 17:48:24 [[32minfo[39m] Method: POST URL: /api/register Status: 200}
2024-09-04 17:48:26 [[31merror[39m] Error creating user null value in column "webuser_id" violates not-null constraint}
2024-09-04 17:49:27 [[32minfo[39m] Server started on port 9000}
2024-09-04 17:49:29 [[32minfo[39m] Server started on port 9000}
2024-09-04 17:49:31 [[32minfo[39m] Server started on port 9000}
2024-09-04 17:49:33 [[32minfo[39m] Database connection successful!}
2024-09-04 17:50:00 [[32minfo[39m] Server started on port 9000}
2024-09-04 17:50:02 [[32minfo[39m] Database connection successful!}
2024-09-04 17:50:16 [[32minfo[39m] Server started on port 9000}
2024-09-04 17:50:18 [[32minfo[39m] Server started on port 9000}
2024-09-04 17:50:20 [[32minfo[39m] Database connection successful!}
2024-09-04 17:50:41 [[32minfo[39m] Server started on port 9000}
2024-09-04 17:50:43 [[32minfo[39m] Database connection successful!}
2024-09-04 17:50:46 [[32minfo[39m] Server started on port 9000}
2024-09-04 17:50:47 [[32minfo[39m] Server started on port 9000}
2024-09-04 17:50:49 [[32minfo[39m] Database connection successful!}
2024-09-04 17:51:09 [[32minfo[39m] Method: POST URL: /api/register Status: 200}
2024-09-04 17:51:11 [[32minfo[39m] New User Created}
2024-09-04 18:11:06 [[32minfo[39m] Server started on port 9000}
2024-09-04 18:11:07 [[32minfo[39m] Database connection successful!}
2024-09-04 18:11:11 [[32minfo[39m] Method: POST URL: /api/login Status: 200}
2024-09-04 18:11:45 [[32minfo[39m] Server started on port 9000}
2024-09-04 18:11:46 [[32minfo[39m] Database connection successful!}
2024-09-04 18:11:50 [[32minfo[39m] Method: POST URL: /api/login Status: 200}
2024-09-04 18:12:14 [[32minfo[39m] Server started on port 9000}
2024-09-04 18:12:15 [[32minfo[39m] Database connection successful!}
2024-09-04 18:12:48 [[32minfo[39m] Method: POST URL: /api/login Status: 200}
2024-09-04 18:13:46 [[32minfo[39m] Server started on port 9000}
2024-09-04 18:13:48 [[32minfo[39m] Database connection successful!}
2024-09-04 18:13:51 [[32minfo[39m] Method: POST URL: /api/login Status: 200}
2024-09-04 18:14:16 [[32minfo[39m] Server started on port 9000}
2024-09-04 18:14:18 [[32minfo[39m] Database connection successful!}
2024-09-04 18:14:19 [[32minfo[39m] Server started on port 9000}
2024-09-04 18:14:21 [[32minfo[39m] Server started on port 9000}
2024-09-04 18:14:22 [[32minfo[39m] Database connection successful!}
2024-09-04 18:14:34 [[32minfo[39m] Server started on port 9000}
2024-09-04 18:14:36 [[32minfo[39m] Database connection successful!}
2024-09-04 18:14:49 [[32minfo[39m] Server started on port 9000}
2024-09-04 18:14:50 [[32minfo[39m] Server started on port 9000}
2024-09-04 18:14:52 [[32minfo[39m] Database connection successful!}
2024-09-04 18:14:56 [[32minfo[39m] Server started on port 9000}
2024-09-04 18:14:57 [[32minfo[39m] Database connection successful!}
2024-09-04 18:15:03 [[32minfo[39m] Method: POST URL: /api/login Status: 200}
2024-09-04 18:16:12 [[32minfo[39m] Server started on port 9000}
2024-09-04 18:16:13 [[32minfo[39m] Database connection successful!}
2024-09-04 18:16:18 [[32minfo[39m] Method: POST URL: /api/login Status: 200}
2024-09-04 18:16:47 [[32minfo[39m] Server started on port 9000}
2024-09-04 18:16:48 [[32minfo[39m] Server started on port 9000}
2024-09-04 18:16:49 [[32minfo[39m] Database connection successful!}
2024-09-04 18:16:54 [[32minfo[39m] Method: POST URL: /api/login Status: 200}
2024-09-04 18:17:12 [[32minfo[39m] Server started on port 9000}
2024-09-04 18:17:14 [[32minfo[39m] Database connection successful!}
2024-09-04 18:17:18 [[32minfo[39m] Server started on port 9000}
2024-09-04 18:17:19 [[32minfo[39m] Database connection successful!}
2024-09-04 18:17:43 [[32minfo[39m] Method: POST URL: /api/login Status: 200}
2024-09-04 18:18:30 [[32minfo[39m] Server started on port 9000}
2024-09-04 18:18:32 [[32minfo[39m] Database connection successful!}
2024-09-04 18:18:36 [[32minfo[39m] Server started on port 9000}
2024-09-04 18:18:38 [[32minfo[39m] Database connection successful!}
2024-09-04 18:18:40 [[32minfo[39m] Server started on port 9000}
2024-09-04 18:18:43 [[32minfo[39m] Database connection successful!}
2024-09-04 18:18:45 [[32minfo[39m] Method: POST URL: /api/login Status: 200}
2024-09-04 18:19:05 [[32minfo[39m] Server started on port 9000}
2024-09-04 18:19:07 [[32minfo[39m] Database connection successful!}
2024-09-04 18:19:21 [[32minfo[39m] Server started on port 9000}
2024-09-04 18:19:23 [[32minfo[39m] Database connection successful!}
2024-09-04 18:19:27 [[32minfo[39m] Method: POST URL: /api/login Status: 200}
2024-09-04 18:19:38 [[32minfo[39m] Method: POST URL: /api/login Status: 200}
2024-09-04 18:20:16 [[32minfo[39m] Server started on port 9000}
2024-09-04 18:20:17 [[32minfo[39m] Server started on port 9000}
2024-09-04 18:20:19 [[32minfo[39m] Database connection successful!}
2024-09-04 18:20:25 [[32minfo[39m] Method: POST URL: /api/login Status: 200}
2024-09-04 18:20:30 [[32minfo[39m] Method: POST URL: /api/login Status: 200}
2024-09-04 18:25:33 [[32minfo[39m] Method: POST URL: /api/login Status: 200}
2024-09-04 18:25:40 [[32minfo[39m] Method: POST URL: /api/login Status: 200}
2024-09-04 18:34:45 [[32minfo[39m] Server started on port 9000}
2024-09-04 18:34:47 [[32minfo[39m] Database connection successful!}
2024-09-04 18:34:53 [[32minfo[39m] Method: POST URL: /api/login Status: 200}
2024-09-04 18:34:54 [[32minfo[39m] received details are : [object Object]}
2024-09-04 18:35:10 [[32minfo[39m] Server started on port 9000}
2024-09-04 18:35:12 [[32minfo[39m] Database connection successful!}
